17:15:45.548 [restartedMain] INFO  com.Application - Starting Application on DLC0002QL96W2D with PID 24280 (C:\Workspace\eclipse-workspace\SpringBootMybatisThymeleaf\target\classes started by shengyuan.a.li in C:\Workspace\eclipse-workspace\SpringBootMybatisThymeleaf)
17:15:45.548 [restartedMain] INFO  com.Application - No active profile set, falling back to default profiles: default
17:15:45.602 [restartedMain] INFO  o.s.b.w.s.c.AnnotationConfigServletWebServerApplicationContext - Refreshing org.springframework.boot.web.servlet.context.AnnotationConfigServletWebServerApplicationContext@620e9ea1: startup date [Mon Nov 09 17:15:45 CST 2020]; root of context hierarchy
17:15:48.206 [restartedMain] INFO  o.s.b.w.e.tomcat.TomcatWebServer - Tomcat initialized with port(s): 8050 (http)
17:15:48.225 [restartedMain] INFO  o.a.coyote.http11.Http11NioProtocol - Initializing ProtocolHandler ["http-nio-8050"]
17:15:48.238 [restartedMain] INFO  o.a.catalina.core.StandardService - Starting service [Tomcat]
17:15:48.239 [restartedMain] INFO  o.a.catalina.core.StandardEngine - Starting Servlet Engine: Apache Tomcat/8.5.34
17:15:48.253 [localhost-startStop-1] INFO  o.a.c.core.AprLifecycleListener - The APR based Apache Tomcat Native library which allows optimal performance in production environments was not found on the java.library.path: [C:\Program Files\Java\jdk1.8.0_211\bin;C:\WINDOWS\Sun\Java\bin;C:\WINDOWS\system32;C:\WINDOWS;C:/Program Files/Java/jre1.8.0_211/bin/server;C:/Program Files/Java/jre1.8.0_211/bin;C:/Program Files/Java/jre1.8.0_211/lib/amd64;C:\Program Files (x86)\Common Files\Oracle\Java\javapath;C:\Program Files\Java\jdk1.8.0_211\bin;C:\Program Files\Java\jdk1.8.0_211\jre\bin;C:\windows\system32\config\systemprofile\AppData\Local\Microsoft\WindowsApps;C:\windows\System32\Wbem;C:\Windows\System32;C:\Software\apache-maven-3.3.9\bin;C:\WINDOWS\system32;C:\WINDOWS;C:\WINDOWS\System32\Wbem;C:\WINDOWS\System32\WindowsPowerShell\v1.0\;C:\WINDOWS\System32\OpenSSH\;C:\Program Files\Notepad++;C:\Program Files\Intel\WiFi\bin\;C:\Program Files\Common Files\Intel\WirelessCommon\;C:\Program Files (x86)\WinSCP\WinSCP.exe;C:\Program Files (x86)\WinSCP\WinSCP.com;C:\Program Files\nodejs\;C:\Program Files (x86)\Yarn\bin\;C:\Users\shengyuan.a.li\AppData\Local\Microsoft\WindowsApps;C:\Users\shengyuan.a.li\AppData\Roaming\npm;C:\Software\VSCode\Microsoft VS Code\bin;C:\Program Files\Salesforce CLI\bin;C:\Users\shengyuan.a.li\AppData\Local\Yarn\bin;C:\Users\shengyuan.a.li\Desktop;;.]
17:15:48.388 [localhost-startStop-1] INFO  o.a.c.c.C.[Tomcat].[localhost].[/] - Initializing Spring embedded WebApplicationContext
17:15:48.388 [localhost-startStop-1] INFO  o.s.web.context.ContextLoader - Root WebApplicationContext: initialization completed in 2786 ms
17:15:48.504 [localhost-startStop-1] INFO  o.s.b.w.s.FilterRegistrationBean - Mapping filter: 'characterEncodingFilter' to: [/*]
17:15:48.504 [localhost-startStop-1] INFO  o.s.b.w.s.FilterRegistrationBean - Mapping filter: 'hiddenHttpMethodFilter' to: [/*]
17:15:48.504 [localhost-startStop-1] INFO  o.s.b.w.s.FilterRegistrationBean - Mapping filter: 'httpPutFormContentFilter' to: [/*]
17:15:48.504 [localhost-startStop-1] INFO  o.s.b.w.s.FilterRegistrationBean - Mapping filter: 'requestContextFilter' to: [/*]
17:15:48.504 [localhost-startStop-1] INFO  o.s.b.w.s.DelegatingFilterProxyRegistrationBean - Mapping filter: 'springSecurityFilterChain' to: [/*]
17:15:48.504 [localhost-startStop-1] INFO  o.s.b.w.s.ServletRegistrationBean - Servlet dispatcherServlet mapped to [/]
17:15:49.269 [restartedMain] INFO  o.s.s.web.DefaultSecurityFilterChain - Creating filter chain: Ant [pattern='/css/**'], []
17:15:49.269 [restartedMain] INFO  o.s.s.web.DefaultSecurityFilterChain - Creating filter chain: Ant [pattern='/img/**'], []
17:15:49.274 [restartedMain] INFO  o.s.s.web.DefaultSecurityFilterChain - Creating filter chain: Ant [pattern='/js/**'], []
17:15:49.274 [restartedMain] INFO  o.s.s.web.DefaultSecurityFilterChain - Creating filter chain: Ant [pattern='/locales/**'], []
17:15:49.274 [restartedMain] INFO  o.s.s.web.DefaultSecurityFilterChain - Creating filter chain: Ant [pattern='/webfonts/**'], []
17:15:49.350 [restartedMain] INFO  o.s.s.web.DefaultSecurityFilterChain - Creating filter chain: org.springframework.security.web.util.matcher.AnyRequestMatcher@1, [org.springframework.security.web.context.request.async.WebAsyncManagerIntegrationFilter@7dfb3479, org.springframework.security.web.context.SecurityContextPersistenceFilter@2c357479, org.springframework.security.web.header.HeaderWriterFilter@595dcc28, org.springframework.security.web.authentication.logout.LogoutFilter@7f3125ed, org.springframework.security.web.authentication.UsernamePasswordAuthenticationFilter@6521cda2, org.springframework.security.web.savedrequest.RequestCacheAwareFilter@66e9aa6b, org.springframework.security.web.servletapi.SecurityContextHolderAwareRequestFilter@5b629039, org.springframework.security.web.authentication.AnonymousAuthenticationFilter@67d89191, org.springframework.security.web.session.SessionManagementFilter@2d69cd77, org.springframework.security.web.access.ExceptionTranslationFilter@673e2a1, org.springframework.security.web.access.intercept.FilterSecurityInterceptor@37566f95]
17:15:49.441 [restartedMain] INFO  o.s.w.s.h.SimpleUrlHandlerMapping - Mapped URL path [/**/favicon.ico] onto handler of type [class org.springframework.web.servlet.resource.ResourceHttpRequestHandler]
17:15:49.593 [restartedMain] INFO  o.s.w.s.m.m.a.RequestMappingHandlerAdapter - Looking for @ControllerAdvice: org.springframework.boot.web.servlet.context.AnnotationConfigServletWebServerApplicationContext@620e9ea1: startup date [Mon Nov 09 17:15:45 CST 2020]; root of context hierarchy
17:15:49.661 [restartedMain] INFO  o.s.w.s.m.m.a.RequestMappingHandlerMapping - Mapped "{[/]}" onto public java.lang.String com.controller.UserController.index(org.springframework.ui.Model)
17:15:49.661 [restartedMain] INFO  o.s.w.s.m.m.a.RequestMappingHandlerMapping - Mapped "{[/update/{id}],methods=[POST]}" onto public java.lang.String com.controller.UserController.update(int,com.pojo.User)
17:15:49.661 [restartedMain] INFO  o.s.w.s.m.m.a.RequestMappingHandlerMapping - Mapped "{[/update/{id}],methods=[GET]}" onto public java.lang.String com.controller.UserController.update(int,org.springframework.ui.ModelMap)
17:15:49.663 [restartedMain] INFO  o.s.w.s.m.m.a.RequestMappingHandlerMapping - Mapped "{[/delete/{id}]}" onto public java.lang.String com.controller.UserController.delete(int)
17:15:49.663 [restartedMain] INFO  o.s.w.s.m.m.a.RequestMappingHandlerMapping - Mapped "{[/save],methods=[POST]}" onto public java.lang.String com.controller.UserController.save(com.pojo.User)
17:15:49.663 [restartedMain] INFO  o.s.w.s.m.m.a.RequestMappingHandlerMapping - Mapped "{[/detail/{id}]}" onto public java.lang.String com.controller.UserController.detail(int,org.springframework.ui.ModelMap)
17:15:49.663 [restartedMain] INFO  o.s.w.s.m.m.a.RequestMappingHandlerMapping - Mapped "{[/save],methods=[GET]}" onto public java.lang.String com.controller.UserController.toSave()
17:15:49.663 [restartedMain] INFO  o.s.w.s.m.m.a.RequestMappingHandlerMapping - Mapped "{[/login]}" onto public java.lang.String com.controller.UserController.login()
17:15:49.663 [restartedMain] INFO  o.s.w.s.m.m.a.RequestMappingHandlerMapping - Mapped "{[/error]}" onto public org.springframework.http.ResponseEntity<java.util.Map<java.lang.String, java.lang.Object>> org.springframework.boot.autoconfigure.web.servlet.error.BasicErrorController.error(javax.servlet.http.HttpServletRequest)
17:15:49.663 [restartedMain] INFO  o.s.w.s.m.m.a.RequestMappingHandlerMapping - Mapped "{[/error],produces=[text/html]}" onto public org.springframework.web.servlet.ModelAndView org.springframework.boot.autoconfigure.web.servlet.error.BasicErrorController.errorHtml(javax.servlet.http.HttpServletRequest,javax.servlet.http.HttpServletResponse)
17:15:49.693 [restartedMain] INFO  o.s.w.s.h.SimpleUrlHandlerMapping - Mapped URL path [/webjars/**] onto handler of type [class org.springframework.web.servlet.resource.ResourceHttpRequestHandler]
17:15:49.693 [restartedMain] INFO  o.s.w.s.h.SimpleUrlHandlerMapping - Mapped URL path [/**] onto handler of type [class org.springframework.web.servlet.resource.ResourceHttpRequestHandler]
17:15:49.754 [restartedMain] WARN  o.t.templatemode.TemplateMode - [THYMELEAF][restartedMain] Template Mode 'HTML5' is deprecated. Using Template Mode 'HTML' instead.
17:15:50.045 [restartedMain] INFO  o.s.b.d.a.OptionalLiveReloadServer - LiveReload server is running on port 35729
17:15:50.075 [restartedMain] INFO  o.s.b.a.s.s.UserDetailsServiceAutoConfiguration - 

Using generated security password: 36d1e254-edc4-432c-b417-31237dce48eb

17:15:50.075 [restartedMain] INFO  o.s.j.e.a.AnnotationMBeanExporter - Registering beans for JMX exposure on startup
17:15:50.075 [restartedMain] INFO  o.s.j.e.a.AnnotationMBeanExporter - Bean with name 'dataSource' has been autodetected for JMX exposure
17:15:50.083 [restartedMain] INFO  o.s.j.e.a.AnnotationMBeanExporter - Located MBean 'dataSource': registering with JMX server as MBean [com.zaxxer.hikari:name=dataSource,type=HikariDataSource]
17:15:50.093 [restartedMain] INFO  o.a.coyote.http11.Http11NioProtocol - Starting ProtocolHandler ["http-nio-8050"]
17:15:50.106 [restartedMain] INFO  o.a.tomcat.util.net.NioSelectorPool - Using a shared selector for servlet write/read
17:15:50.116 [restartedMain] INFO  o.s.b.w.e.tomcat.TomcatWebServer - Tomcat started on port(s): 8050 (http) with context path ''
17:15:50.124 [restartedMain] INFO  com.Application - Started Application in 4.915 seconds (JVM running for 6.047)
17:15:52.653 [http-nio-8050-exec-1] INFO  o.a.c.c.C.[Tomcat].[localhost].[/] - Initializing Spring FrameworkServlet 'dispatcherServlet'
17:15:52.653 [http-nio-8050-exec-1] INFO  o.s.web.servlet.DispatcherServlet - FrameworkServlet 'dispatcherServlet': initialization started
17:15:52.680 [http-nio-8050-exec-1] INFO  o.s.web.servlet.DispatcherServlet - FrameworkServlet 'dispatcherServlet': initialization completed in 26 ms
17:15:55.656 [http-nio-8050-exec-8] INFO  com.zaxxer.hikari.HikariDataSource - HikariPool-1 - Starting...
17:15:55.736 [http-nio-8050-exec-8] INFO  com.zaxxer.hikari.HikariDataSource - HikariPool-1 - Start completed.
